New session started at 2026-01-21_16-09-14
[2026-01-21 16:09:14.815447] [Info] - Injection started for action 'Link Analysis'
[2026-01-21 16:09:14.818739] [Info] - Preparing Link Analysis data
[2026-01-21 16:09:15.327831] [Info] - 10000 rows collected for Link Analysis
[2026-01-21 16:09:15.381106] [Info] - Existing Link Analysis nodes for session '1_613195' deleted
[2026-01-21 16:09:22.967419] [Info] Running Quick analysis ...
[2026-01-21 16:09:22.969251] [Info] Starting Transactions analysis
[2026-01-21 16:09:24.499947] [Success] Transactions analysis completed
[2026-01-21 16:09:24.501133] [Info] Inserted batch 1 (500 rows)
[2026-01-21 16:09:32.727306] [Info] Inserted batch 2 (500 rows)
[2026-01-21 16:09:43.329257] [Info] Inserted batch 3 (500 rows)
[2026-01-21 16:09:52.873677] [Info] Inserted batch 4 (500 rows)
[2026-01-21 16:10:02.838016] [Info] Inserted batch 5 (500 rows)
[2026-01-21 16:10:12.992670] [Info] Inserted batch 6 (500 rows)
[2026-01-21 16:10:12.994167] [STOP] Insertion stopped at batch 7
[2026-01-21 16:10:13.215613] [Info] - Starting full-graph recomputation for rule 'bank transactions'
[2026-01-21 16:10:13.326417] [Info] Starting Transactions analysis
[2026-01-21 16:10:14.360805] [Success] Transactions analysis completed
[2026-01-21 16:10:14.403907] [Info] - Full-graph recomputation finished for rule 'bank transactions'
[2026-01-21 16:10:14.405324] [Info] - Injection finished for action 'Link Analysis'
