New session started at 2026-01-21_13-29-54
[Recovery] Analyzing session 1_613195
[2026-01-21 13:29:54.507536] [Info] - Injection started for action 'Link Analysis'
[2026-01-21 13:29:54.508449] [Info] - Preparing Link Analysis data
[2026-01-21 13:29:54.800850] [Info] - 10000 rows collected for Link Analysis
[2026-01-21 13:29:54.817369] [Info] - Existing Link Analysis nodes for session '4_613195' deleted
[2026-01-21 13:29:54.992671] [Info] Running Quick analysis ...
[2026-01-21 13:29:54.995691] [Info] Starting Transactions analysis
[2026-01-21 13:29:55.194643] [Success] Transactions analysis completed
[2026-01-21 13:29:55.198375] [Info] Inserted batch 1 (500 rows)
[2026-01-21 13:29:55.751163] [Info] Inserted batch 2 (500 rows)
[2026-01-21 13:29:56.906491] [Info] Inserted batch 3 (500 rows)
[2026-01-21 13:29:58.487648] [Info] Inserted batch 4 (500 rows)
[2026-01-21 13:30:00.535187] [Info] Inserted batch 5 (500 rows)
[2026-01-21 13:30:03.157767] [Info] Inserted batch 6 (500 rows)
[2026-01-21 13:30:06.177241] [Info] Inserted batch 7 (500 rows)
[2026-01-21 13:30:09.216596] [Info] Inserted batch 8 (500 rows)
[2026-01-21 13:30:12.607971] [Info] Inserted batch 9 (500 rows)
[2026-01-21 13:30:16.277659] [Info] Inserted batch 10 (500 rows)
[2026-01-21 13:30:20.263094] [Info] Inserted batch 11 (500 rows)
[2026-01-21 13:30:25.684352] [Info] Inserted batch 12 (500 rows)
[2026-01-21 13:30:36.798451] [Info] Inserted batch 13 (500 rows)
[2026-01-21 13:30:48.306469] [Info] Inserted batch 14 (500 rows)
[2026-01-21 13:30:54.076079] [Info] Inserted batch 15 (500 rows)
[2026-01-21 13:31:00.024249] [Info] Inserted batch 16 (500 rows)
[2026-01-21 13:31:06.436172] [Info] Inserted batch 17 (500 rows)
[2026-01-21 13:31:13.446786] [Info] Inserted batch 18 (500 rows)
[2026-01-21 13:31:22.030822] [Info] Inserted batch 19 (500 rows)
[2026-01-21 13:31:51.271936] [Info] Inserted batch 20 (500 rows)
[2026-01-21 13:31:51.524336] [Info] - Starting full-graph recomputation for rule 'bank transactions'
[2026-01-21 13:31:51.668351] [Info] Starting Transactions analysis
[2026-01-21 13:31:55.547982] [Success] Transactions analysis completed
[2026-01-21 13:31:55.605590] [Info] - Full-graph recomputation finished for rule 'bank transactions'
[2026-01-21 13:31:55.607016] [Info] - Injection finished for action 'Link Analysis'
