New session started at 2026-01-22_12-30-56
[2026-01-22 12:30:56.997828] [Info] - Injection started for action 'Link Analysis'
[2026-01-22 12:30:56.998829] [Info] - Preparing Link Analysis data
[2026-01-22 12:30:57.217043] [Info] - 10000 rows collected for Link Analysis
[2026-01-22 12:30:57.295877] [Info] - Existing Link Analysis nodes for session '1_613195' deleted
[2026-01-22 12:31:05.183593] [Info] Running Quick analysis ...
[2026-01-22 12:31:05.185218] [Info] Starting Transactions analysis
[2026-01-22 12:31:05.422301] [Success] Transactions analysis completed
[2026-01-22 12:31:05.423493] [Info] Inserted batch 1 (500 rows)
[2026-01-22 12:31:13.229847] [Info] Inserted batch 2 (500 rows)
[2026-01-22 12:31:21.609566] [Info] Inserted batch 3 (500 rows)
[2026-01-22 12:31:30.309624] [Info] Inserted batch 4 (500 rows)
[2026-01-22 12:31:39.410176] [Info] Inserted batch 5 (500 rows)
[2026-01-22 12:31:49.199957] [Info] Inserted batch 6 (500 rows)
[2026-01-22 12:31:59.020175] [Info] Inserted batch 7 (500 rows)
[2026-01-22 12:32:09.440675] [Info] Inserted batch 8 (500 rows)
[2026-01-22 12:32:19.896541] [Info] Inserted batch 9 (500 rows)
[2026-01-22 12:32:30.648965] [Info] Inserted batch 10 (500 rows)
[2026-01-22 12:32:41.858843] [Info] Inserted batch 11 (500 rows)
[2026-01-22 12:32:54.703823] [Info] Inserted batch 12 (500 rows)
[2026-01-22 12:33:08.930061] [Info] Inserted batch 13 (500 rows)
[2026-01-22 12:33:22.868873] [Info] Inserted batch 14 (500 rows)
[2026-01-22 12:33:35.292994] [Info] Inserted batch 15 (500 rows)
[2026-01-22 12:33:48.964763] [Info] Inserted batch 16 (500 rows)
[2026-01-22 12:34:02.113970] [Info] Inserted batch 17 (500 rows)
[2026-01-22 12:34:15.859822] [Info] Inserted batch 18 (500 rows)
[2026-01-22 12:34:31.033043] [Info] Inserted batch 19 (500 rows)
[2026-01-22 12:34:45.182594] [Info] Inserted batch 20 (500 rows)
[2026-01-22 12:34:45.409230] [Info] - Starting full-graph recomputation for rule 'bank transactions'
[2026-01-22 12:34:45.491607] [Info] Starting Transactions analysis
[2026-01-22 12:34:49.222662] [Success] Transactions analysis completed
[2026-01-22 12:34:49.379303] [Info] - Full-graph recomputation finished for rule 'bank transactions'
[2026-01-22 12:34:49.380314] [Info] - Injection finished for action 'Link Analysis'
