New session started at 2026-01-21_13-15-12
[2026-01-21 13:15:16.973046] [Info] - Injection started for action 'Source / Target Relationship'
[2026-01-21 13:15:16.977554] [Info] - Creating relationships
[2026-01-21 13:15:19.167012] [Info] - 10000 relationships collected
[2026-01-21 13:15:19.508523] [Info] - Inserted relationship batch 1 (500 rels)
[2026-01-21 13:15:19.895837] [Info] - Inserted relationship batch 2 (500 rels)
[2026-01-21 13:15:20.320255] [Info] - Inserted relationship batch 3 (500 rels)
[2026-01-21 13:15:20.773057] [Info] - Inserted relationship batch 4 (500 rels)
[2026-01-21 13:15:21.192949] [Info] - Inserted relationship batch 5 (500 rels)
[2026-01-21 13:15:21.575066] [Info] - Inserted relationship batch 6 (500 rels)
[2026-01-21 13:15:21.874433] [Info] - Inserted relationship batch 7 (500 rels)
[2026-01-21 13:15:22.181396] [Info] - Inserted relationship batch 8 (500 rels)
[2026-01-21 13:15:22.532417] [Info] - Inserted relationship batch 9 (500 rels)
[2026-01-21 13:15:22.870099] [Info] - Inserted relationship batch 10 (500 rels)
[2026-01-21 13:15:23.200370] [Info] - Inserted relationship batch 11 (500 rels)
[2026-01-21 13:15:23.544211] [Info] - Inserted relationship batch 12 (500 rels)
[2026-01-21 13:15:23.889360] [Info] - Inserted relationship batch 13 (500 rels)
[2026-01-21 13:15:24.214496] [Info] - Inserted relationship batch 14 (500 rels)
[2026-01-21 13:15:24.552690] [Info] - Inserted relationship batch 15 (500 rels)
[2026-01-21 13:15:24.961492] [Info] - Inserted relationship batch 16 (500 rels)
[2026-01-21 13:15:25.460756] [Info] - Inserted relationship batch 17 (500 rels)
[2026-01-21 13:15:25.916271] [Info] - Inserted relationship batch 18 (500 rels)
[2026-01-21 13:15:26.728795] [Info] - Inserted relationship batch 19 (500 rels)
[2026-01-21 13:15:27.231934] [Info] - Inserted relationship batch 20 (500 rels)
[2026-01-21 13:15:27.512134] [Info] - Injection finished for action 'Source / Target Relationship'
