New session started at 2026-01-22_11-11-01
[2026-01-22 11:11:02.214029] [Info] - Injection started for action 'Link Analysis'
[2026-01-22 11:11:02.215023] [Info] - Preparing Link Analysis data
[2026-01-22 11:11:02.515974] [Info] - 10000 rows collected for Link Analysis
[2026-01-22 11:11:02.550899] [Info] - Existing Link Analysis nodes for session '2_613195' deleted
[2026-01-22 11:11:10.403315] [Info] Running Quick analysis ...
[2026-01-22 11:11:10.407606] [Info] Starting Transactions analysis
[2026-01-22 11:11:11.552468] [Success] Transactions analysis completed
[2026-01-22 11:11:11.553989] [Info] Inserted batch 1 (500 rows)
[2026-01-22 11:11:19.430443] [Info] Inserted batch 2 (500 rows)
[2026-01-22 11:11:27.842730] [Info] Inserted batch 3 (500 rows)
[2026-01-22 11:11:36.908073] [Info] Inserted batch 4 (500 rows)
[2026-01-22 11:11:46.036825] [Info] Inserted batch 5 (500 rows)
[2026-01-22 11:11:55.654481] [Info] Inserted batch 6 (500 rows)
[2026-01-22 11:12:05.641813] [Info] Inserted batch 7 (500 rows)
[2026-01-22 11:12:16.117129] [Info] Inserted batch 8 (500 rows)
[2026-01-22 11:12:28.165865] [Info] Inserted batch 9 (500 rows)
[2026-01-22 11:12:39.984592] [Info] Inserted batch 10 (500 rows)
[2026-01-22 11:12:51.498678] [Info] Inserted batch 11 (500 rows)
[2026-01-22 11:13:03.363536] [Info] Inserted batch 12 (500 rows)
[2026-01-22 11:13:16.440042] [Info] Inserted batch 13 (500 rows)
[2026-01-22 11:13:28.883229] [Info] Inserted batch 14 (500 rows)
[2026-01-22 11:13:41.846864] [Info] Inserted batch 15 (500 rows)
[2026-01-22 11:13:54.891562] [Info] Inserted batch 16 (500 rows)
[2026-01-22 11:14:08.549605] [Info] Inserted batch 17 (500 rows)
[2026-01-22 11:14:22.490756] [Info] Inserted batch 18 (500 rows)
[2026-01-22 11:14:36.618689] [Info] Inserted batch 19 (500 rows)
[2026-01-22 11:14:51.357882] [Info] Inserted batch 20 (500 rows)
[2026-01-22 11:14:51.624264] [Info] - Starting full-graph recomputation for rule 'bank transactions'
[2026-01-22 11:14:51.727551] [Info] Starting Transactions analysis
[2026-01-22 11:14:54.302559] [Success] Transactions analysis completed
[2026-01-22 11:14:54.324660] [Info] - Full-graph recomputation finished for rule 'bank transactions'
[2026-01-22 11:14:54.327497] [Info] - Injection finished for action 'Link Analysis'
