New session started at 2026-01-22_12-39-49
[2026-01-22 12:39:49.547559] [Info] - Injection started for action 'Link Analysis'
[2026-01-22 12:39:49.548603] [Info] - Preparing Link Analysis data
[2026-01-22 12:39:49.750778] [Info] - 10000 rows collected for Link Analysis
[2026-01-22 12:39:49.883616] [Info] - Existing Link Analysis nodes for session '1_613195' deleted
[2026-01-22 12:40:01.866320] [Info] Running Quick analysis ...
[2026-01-22 12:40:01.868815] [Info] Starting Transactions analysis
[2026-01-22 12:40:02.098720] [Success] Transactions analysis completed
[2026-01-22 12:40:02.099325] [Info] Inserted batch 1 (500 rows)
[2026-01-22 12:40:09.900811] [Info] Inserted batch 2 (500 rows)
[2026-01-22 12:40:18.441592] [Info] Inserted batch 3 (500 rows)
[2026-01-22 12:40:27.396393] [Info] Inserted batch 4 (500 rows)
[2026-01-22 12:40:36.906499] [Info] Inserted batch 5 (500 rows)
[2026-01-22 12:40:46.636697] [Info] Inserted batch 6 (500 rows)
[2026-01-22 12:40:57.392491] [Info] Inserted batch 7 (500 rows)
[2026-01-22 12:41:07.253192] [Info] Inserted batch 8 (500 rows)
[2026-01-22 12:41:18.711407] [Info] Inserted batch 9 (500 rows)
[2026-01-22 12:41:29.671350] [Info] Inserted batch 10 (500 rows)
[2026-01-22 12:41:40.786121] [Info] Inserted batch 11 (500 rows)
[2026-01-22 12:41:52.237268] [Info] Inserted batch 12 (500 rows)
[2026-01-22 12:42:04.097329] [Info] Inserted batch 13 (500 rows)
[2026-01-22 12:42:16.640720] [Info] Inserted batch 14 (500 rows)
[2026-01-22 12:42:29.296549] [Info] Inserted batch 15 (500 rows)
[2026-01-22 12:42:42.599862] [Info] Inserted batch 16 (500 rows)
[2026-01-22 12:42:56.070618] [Info] Inserted batch 17 (500 rows)
[2026-01-22 12:43:10.843462] [Info] Inserted batch 18 (500 rows)
[2026-01-22 12:43:25.090389] [Info] Inserted batch 19 (500 rows)
[2026-01-22 12:43:40.769399] [Info] Inserted batch 20 (500 rows)
[2026-01-22 12:43:40.973397] [Info] - Starting full-graph recomputation for rule 'bank transactions'
[2026-01-22 12:43:41.048438] [Info] Starting Transactions analysis
[2026-01-22 12:43:44.682138] [Success] Transactions analysis completed
[2026-01-22 12:43:44.726189] [Info] - Full-graph recomputation finished for rule 'bank transactions'
[2026-01-22 12:43:44.727348] [Info] - Injection finished for action 'Link Analysis'
