New session started at 2026-01-21_12-47-47
[2026-01-21 12:47:52.977787] [Info] - Injection started for action 'Source / Target Relationship'
[2026-01-21 12:47:52.978758] [Info] - Creating relationships
[2026-01-21 12:47:55.341315] [Info] - 9995 relationships collected
[2026-01-21 12:47:55.720995] [Info] - Inserted relationship batch 1 (500 rels)
[2026-01-21 12:47:56.132027] [Info] - Inserted relationship batch 2 (500 rels)
[2026-01-21 12:47:56.578297] [Info] - Inserted relationship batch 3 (500 rels)
[2026-01-21 12:47:57.206328] [Info] - Inserted relationship batch 4 (500 rels)
[2026-01-21 12:47:57.705931] [Info] - Inserted relationship batch 5 (500 rels)
[2026-01-21 12:47:58.141147] [Info] - Inserted relationship batch 6 (500 rels)
[2026-01-21 12:47:58.501899] [Info] - Inserted relationship batch 7 (500 rels)
[2026-01-21 12:47:58.944605] [Info] - Inserted relationship batch 8 (500 rels)
[2026-01-21 12:47:59.400025] [Info] - Inserted relationship batch 9 (500 rels)
[2026-01-21 12:47:59.762099] [Info] - Inserted relationship batch 10 (500 rels)
[2026-01-21 12:48:00.177521] [Info] - Inserted relationship batch 11 (500 rels)
[2026-01-21 12:48:00.633581] [Info] - Inserted relationship batch 12 (500 rels)
[2026-01-21 12:48:01.098106] [Info] - Inserted relationship batch 13 (500 rels)
[2026-01-21 12:48:01.600656] [Info] - Inserted relationship batch 14 (500 rels)
[2026-01-21 12:48:02.089063] [Info] - Inserted relationship batch 15 (500 rels)
[2026-01-21 12:48:02.877613] [Info] - Inserted relationship batch 16 (500 rels)
[2026-01-21 12:48:03.347725] [Info] - Inserted relationship batch 17 (500 rels)
[2026-01-21 12:48:03.747623] [Info] - Inserted relationship batch 18 (500 rels)
[2026-01-21 12:48:04.151301] [Info] - Inserted relationship batch 19 (500 rels)
[2026-01-21 12:48:04.579140] [Info] - Inserted relationship batch 20 (495 rels)
[2026-01-21 12:48:04.872766] [Info] - Injection finished for action 'Source / Target Relationship'
