New session started at 2026-01-22_09-38-57
[Recovery] Analyzing session 3_613195
[2026-01-22 09:38:57.966958] [Info] - Injection started for action 'Link Analysis'
[2026-01-22 09:38:57.967819] [Info] - Preparing Link Analysis data
[2026-01-22 09:38:58.213270] [Info] - 10000 rows collected for Link Analysis
[2026-01-22 09:38:58.361588] [Info] - Existing Link Analysis nodes for session '1_613195' deleted
[2026-01-22 09:39:00.722343] [Info] Running Quick analysis ...
[2026-01-22 09:39:00.725685] [Info] Starting Transactions analysis
[2026-01-22 09:39:01.669183] [Success] Transactions analysis completed
[2026-01-22 09:39:01.669857] [Info] Inserted batch 1 (500 rows)
[2026-01-22 09:39:02.176694] [Info] Inserted batch 2 (500 rows)
[2026-01-22 09:39:03.240398] [Info] Inserted batch 3 (500 rows)
[2026-01-22 09:39:04.676024] [Info] Inserted batch 4 (500 rows)
[2026-01-22 09:39:06.413714] [Info] Inserted batch 5 (500 rows)
[2026-01-22 09:39:08.524104] [Info] Inserted batch 6 (500 rows)
[2026-01-22 09:39:11.165812] [Info] Inserted batch 7 (500 rows)
[2026-01-22 09:39:14.072665] [Info] Inserted batch 8 (500 rows)
[2026-01-22 09:39:17.221168] [Info] Inserted batch 9 (500 rows)
[2026-01-22 09:39:20.923873] [Info] Inserted batch 10 (500 rows)
[2026-01-22 09:39:25.042443] [Info] Inserted batch 11 (500 rows)
[2026-01-22 09:39:29.412129] [Info] Inserted batch 12 (500 rows)
[2026-01-22 09:39:34.041981] [Info] Inserted batch 13 (500 rows)
[2026-01-22 09:39:38.981747] [Info] Inserted batch 14 (500 rows)
[2026-01-22 09:39:44.347211] [Info] Inserted batch 15 (500 rows)
[2026-01-22 09:39:50.038454] [Info] Inserted batch 16 (500 rows)
[2026-01-22 09:39:56.217203] [Info] Inserted batch 17 (500 rows)
[2026-01-22 09:40:02.620594] [Info] Inserted batch 18 (500 rows)
[2026-01-22 09:40:09.658640] [Info] Inserted batch 19 (500 rows)
[2026-01-22 09:40:16.753024] [Info] Inserted batch 20 (500 rows)
[2026-01-22 09:40:16.914798] [Info] - Starting full-graph recomputation for rule 'bank transactions'
[2026-01-22 09:40:16.981115] [Info] Starting Transactions analysis
[2026-01-22 09:40:19.722254] [Success] Transactions analysis completed
[2026-01-22 09:40:19.794529] [Info] - Full-graph recomputation finished for rule 'bank transactions'
[2026-01-22 09:40:19.795789] [Info] - Injection finished for action 'Link Analysis'
