New session started at 2026-01-21_14-25-02
[Recovery] Analyzing session 1_613195
[2026-01-21 14:25:02.655435] [Info] - Injection started for action 'Link Analysis'
[2026-01-21 14:25:02.657278] [Info] - Preparing Link Analysis data
[2026-01-21 14:25:02.965066] [Info] - 10000 rows collected for Link Analysis
[2026-01-21 14:25:02.993844] [Info] - Existing Link Analysis nodes for session '3_613195' deleted
[2026-01-21 14:25:03.324116] [Info] Running Quick analysis ...
[2026-01-21 14:25:03.326258] [Info] Starting Transactions analysis
[2026-01-21 14:25:08.274033] [Success] Transactions analysis completed
[2026-01-21 14:25:08.275197] [Info] Inserted batch 1 (500 rows)
[2026-01-21 14:25:08.760628] [Info] Inserted batch 2 (500 rows)
[2026-01-21 14:25:09.884116] [Info] Inserted batch 3 (500 rows)
[2026-01-21 14:25:11.594848] [Info] Inserted batch 4 (500 rows)
[2026-01-21 14:25:13.314669] [Info] Inserted batch 5 (500 rows)
[2026-01-21 14:25:15.564635] [Info] Inserted batch 6 (500 rows)
[2026-01-21 14:25:18.474455] [Info] Inserted batch 7 (500 rows)
[2026-01-21 14:25:21.712246] [Info] Inserted batch 8 (500 rows)
[2026-01-21 14:25:25.212271] [Info] Inserted batch 9 (500 rows)
[2026-01-21 14:25:28.856785] [Info] Inserted batch 10 (500 rows)
[2026-01-21 14:25:33.059506] [Info] Inserted batch 11 (500 rows)
[2026-01-21 14:25:37.446921] [Info] Inserted batch 12 (500 rows)
[2026-01-21 14:25:42.370937] [Info] Inserted batch 13 (500 rows)
[2026-01-21 14:25:47.847483] [Info] Inserted batch 14 (500 rows)
[2026-01-21 14:25:53.571354] [Info] Inserted batch 15 (500 rows)
[2026-01-21 14:25:59.551036] [Info] Inserted batch 16 (500 rows)
[2026-01-21 14:26:05.724125] [Info] Inserted batch 17 (500 rows)
[2026-01-21 14:26:12.561039] [Info] Inserted batch 18 (500 rows)
[2026-01-21 14:26:19.547670] [Info] Inserted batch 19 (500 rows)
[2026-01-21 14:26:27.570690] [Info] Inserted batch 20 (500 rows)
[2026-01-21 14:26:27.930585] [Info] - Starting full-graph recomputation for rule 'bank transactions'
[2026-01-21 14:26:28.001738] [Info] Starting Transactions analysis
[2026-01-21 14:26:30.906599] [Success] Transactions analysis completed
[2026-01-21 14:26:30.970002] [Info] - Full-graph recomputation finished for rule 'bank transactions'
[2026-01-21 14:26:30.971957] [Info] - Injection finished for action 'Link Analysis'
