New session started at 2026-01-22_12-35-36
[2026-01-22 12:35:36.969907] [Info] - Injection started for action 'Link Analysis'
[2026-01-22 12:35:36.971123] [Info] - Preparing Link Analysis data
[2026-01-22 12:35:37.233037] [Info] - 10000 rows collected for Link Analysis
[2026-01-22 12:35:37.381695] [Info] - Existing Link Analysis nodes for session '1_613195' deleted
[2026-01-22 12:35:49.153288] [Info] Running Quick analysis ...
[2026-01-22 12:35:49.155174] [Info] Starting Transactions analysis
[2026-01-22 12:35:49.464185] [Success] Transactions analysis completed
[2026-01-22 12:35:49.465404] [Info] Inserted batch 1 (500 rows)
[2026-01-22 12:35:58.561894] [Info] Inserted batch 2 (500 rows)
[2026-01-22 12:36:07.020685] [Info] Inserted batch 3 (500 rows)
[2026-01-22 12:36:15.729590] [Info] Inserted batch 4 (500 rows)
[2026-01-22 12:36:25.008436] [Info] Inserted batch 5 (500 rows)
[2026-01-22 12:36:34.905915] [Info] Inserted batch 6 (500 rows)
[2026-01-22 12:36:44.714416] [Info] Inserted batch 7 (500 rows)
[2026-01-22 12:36:54.940347] [Info] Inserted batch 8 (500 rows)
[2026-01-22 12:37:05.907746] [Info] Inserted batch 9 (500 rows)
[2026-01-22 12:37:18.475485] [Info] Inserted batch 10 (500 rows)
[2026-01-22 12:37:30.012515] [Info] Inserted batch 11 (500 rows)
[2026-01-22 12:37:43.020136] [Info] Inserted batch 12 (500 rows)
[2026-01-22 12:37:54.949322] [Info] Inserted batch 13 (500 rows)
[2026-01-22 12:38:08.498319] [Info] Inserted batch 14 (500 rows)
[2026-01-22 12:38:21.485180] [Info] Inserted batch 15 (500 rows)
[2026-01-22 12:38:34.871426] [Info] Inserted batch 16 (500 rows)
[2026-01-22 12:38:48.212498] [Info] Inserted batch 17 (500 rows)
[2026-01-22 12:39:03.765595] [Info] Inserted batch 18 (500 rows)
[2026-01-22 12:39:19.064799] [Info] Inserted batch 19 (500 rows)
[2026-01-22 12:39:33.654936] [Info] Inserted batch 20 (500 rows)
[2026-01-22 12:39:34.851819] [Info] - Starting full-graph recomputation for rule 'bank transactions'
[2026-01-22 12:39:35.468296] [Info] Starting Transactions analysis
[2026-01-22 12:39:38.425046] [Success] Transactions analysis completed
[2026-01-22 12:39:38.471012] [Info] - Full-graph recomputation finished for rule 'bank transactions'
[2026-01-22 12:39:38.471911] [Info] - Injection finished for action 'Link Analysis'
